<?xml version="1.0" encoding="UTF-8"?>
<!-- Generated by org.testng.reporters.JUnitXMLReporter -->
<testsuite hostname="PRANITH" name="Rsgistration Test" tests="2" failures="0" timestamp="7 Jun 2019 13:09:52 GMT" time="174.193" errors="0">
  <testcase name="registerLinkTest" time="1.006" classname="com.DataDriven.NewToursRegisterModelMultiDataTest"/>
  <testcase name="registerationTest" time="163.304" classname="com.DataDriven.NewToursRegisterModelMultiDataTest"/>
</testsuite> <!-- Rsgistration Test -->
