<?xml version="1.0" encoding="UTF-8"?>
<testng-results skipped="0" failed="0" total="1" passed="1">
  <reporter-output>
  </reporter-output>
  <suite name="OrangeHRM Application" duration-ms="11091" started-at="2019-06-17T09:11:54Z" finished-at="2019-06-17T09:12:05Z">
    <groups>
    </groups>
    <test name="LogIn" duration-ms="11091" started-at="2019-06-17T09:11:54Z" finished-at="2019-06-17T09:12:05Z">
      <class name="com.OrangeHRM.LogIn">
        <test-method status="PASS" signature="setUp()[pri:0, instance:com.OrangeHRM.LogIn@e580929]" name="setUp" is-config="true" duration-ms="8607" started-at="2019-06-17T14:41:54Z" finished-at="2019-06-17T14:42:02Z">
          <reporter-output>
          </reporter-output>
        </test-method> <!-- setUp -->
        <test-method status="PASS" signature="login()[pri:0, instance:com.OrangeHRM.LogIn@e580929]" name="login" duration-ms="1783" started-at="2019-06-17T14:42:02Z" finished-at="2019-06-17T14:42:04Z">
          <reporter-output>
          </reporter-output>
        </test-method> <!-- login -->
        <test-method status="PASS" signature="tearDown()[pri:0, instance:com.OrangeHRM.LogIn@e580929]" name="tearDown" is-config="true" duration-ms="678" started-at="2019-06-17T14:42:04Z" finished-at="2019-06-17T14:42:05Z">
          <reporter-output>
          </reporter-output>
        </test-method> <!-- tearDown -->
      </class> <!-- com.OrangeHRM.LogIn -->
    </test> <!-- LogIn -->
  </suite> <!-- OrangeHRM Application -->
</testng-results>
